Using pre-set license
Built from '2020.3/staging' branch; Version is '2020.3.25f1 (9b9180224418) revision 10195328'; Using compiler version '192528614'; Build Type 'Release'
OS: 'Windows 10  (10.0.19044) 64bit Professional' Language: 'en' Physical Memory: 16326 MB
BatchMode: 1, IsHumanControllingUs: 0, StartBugReporterOnCrash: 0, Is64bit: 1, IsPro: 0

COMMAND LINE ARGUMENTS:
G:\Unity Engines\Versions\2020.3.25f1\Editor\Unity.exe
-adb2
-batchMode
-noUpm
-name
AssetImportWorker0
-projectPath
G:/Games/Portfolio/Quest Generation and Mesh Builder
-logFile
Logs/AssetImportWorker0.log
-srvPort
54440
Successfully changed project path to: G:/Games/Portfolio/Quest Generation and Mesh Builder
G:/Games/Portfolio/Quest Generation and Mesh Builder
Using Asset Import Pipeline V2.
Refreshing native plugins compatible for Editor in 64.87 ms, found 2 plugins.
Preloading 0 native plugins for Editor in 0.00 ms.
Initialize engine version: 2020.3.25f1 (9b9180224418)
[Subsystems] Discovering subsystems at path G:/Unity Engines/Versions/2020.3.25f1/Editor/Data/Resources/UnitySubsystems
[Subsystems] Discovering subsystems at path G:/Games/Portfolio/Quest Generation and Mesh Builder/Assets
GfxDevice: creating device client; threaded=0
Direct3D:
    Version:  Direct3D 11.0 [level 11.0]
    Renderer: NVIDIA GeForce GT 730 (ID=0x1287)
    Vendor:   
    VRAM:     4052 MB
    Driver:   27.21.14.5671
Initialize mono
Mono path[0] = 'G:/Unity Engines/Versions/2020.3.25f1/Editor/Data/Managed'
Mono path[1] = 'G:/Unity Engines/Versions/2020.3.25f1/Editor/Data/MonoBleedingEdge/lib/mono/unityjit'
Mono config path = 'G:/Unity Engines/Versions/2020.3.25f1/Editor/Data/MonoBleedingEdge/etc'
Using monoOptions --debugger-agent=transport=dt_socket,embedding=1,server=y,suspend=n,address=127.0.0.1:56988
Begin MonoManager ReloadAssembly
Registering precompiled unity dll's ...
Register platform support module: G:/Unity Engines/Versions/2020.3.25f1/Editor/Data/PlaybackEngines/WindowsStandaloneSupport/UnityEditor.WindowsStandalone.Extensions.dll
Registered in 0.001042 seconds.
Native extension for WindowsStandalone target not found
Refreshing native plugins compatible for Editor in 52.93 ms, found 2 plugins.
Preloading 0 native plugins for Editor in 0.00 ms.
Mono: successfully reloaded assembly
- Completed reload, in  1.162 seconds
Domain Reload Profiling:
	ReloadAssembly (1162ms)
		BeginReloadAssembly (72ms)
			ExecutionOrderSort (0ms)
			DisableScriptedObjects (0ms)
			BackupInstance (0ms)
			ReleaseScriptingObjects (0ms)
			CreateAndSetChildDomain (1ms)
		EndReloadAssembly (1009ms)
			LoadAssemblies (71ms)
			RebuildTransferFunctionScriptingTraits (0ms)
			SetupTypeCache (377ms)
			ReleaseScriptCaches (0ms)
			RebuildScriptCaches (40ms)
			SetupLoadedEditorAssemblies (289ms)
				LogAssemblyErrors (0ms)
				InitializePlatformSupportModulesInManaged (4ms)
				SetLoadedEditorAssemblies (1ms)
				RefreshPlugins (53ms)
				BeforeProcessingInitializeOnLoad (32ms)
				ProcessInitializeOnLoadAttributes (142ms)
				ProcessInitializeOnLoadMethodAttributes (57ms)
				AfterProcessingInitializeOnLoad (0ms)
				EditorAssembliesLoaded (0ms)
			ExecutionOrderSort2 (0ms)
			AwakeInstancesAfterBackupRestoration (0ms)
Platform modules already initialized, skipping
Registering precompiled user dll's ...
Registered in 0.003024 seconds.
Begin MonoManager ReloadAssembly
Native extension for WindowsStandalone target not found
Refreshing native plugins compatible for Editor in 72.10 ms, found 2 plugins.
Preloading 0 native plugins for Editor in 0.00 ms.
Mono: successfully reloaded assembly
- Completed reload, in  3.561 seconds
Domain Reload Profiling:
	ReloadAssembly (3561ms)
		BeginReloadAssembly (241ms)
			ExecutionOrderSort (0ms)
			DisableScriptedObjects (5ms)
			BackupInstance (0ms)
			ReleaseScriptingObjects (0ms)
			CreateAndSetChildDomain (40ms)
		EndReloadAssembly (3170ms)
			LoadAssemblies (138ms)
			RebuildTransferFunctionScriptingTraits (0ms)
			SetupTypeCache (494ms)
			ReleaseScriptCaches (0ms)
			RebuildScriptCaches (81ms)
			SetupLoadedEditorAssemblies (2075ms)
				LogAssemblyErrors (0ms)
				InitializePlatformSupportModulesInManaged (16ms)
				SetLoadedEditorAssemblies (1ms)
				RefreshPlugins (72ms)
				BeforeProcessingInitializeOnLoad (280ms)
				ProcessInitializeOnLoadAttributes (1661ms)
				ProcessInitializeOnLoadMethodAttributes (28ms)
				AfterProcessingInitializeOnLoad (16ms)
				EditorAssembliesLoaded (1ms)
			ExecutionOrderSort2 (0ms)
			AwakeInstancesAfterBackupRestoration (37ms)
Platform modules already initialized, skipping
========================================================================
Worker process is ready to serve import requests
Launched and connected shader compiler UnityShaderCompiler.exe after 0.11 seconds
Refreshing native plugins compatible for Editor in 0.45 ms, found 2 plugins.
Preloading 0 native plugins for Editor in 0.00 ms.
Unloading 1860 Unused Serialized files (Serialized files now loaded: 0)
System memory in use before: 81.6 MB.
System memory in use after: 81.7 MB.

Unloading 22 unused Assets to reduce memory usage. Loaded Objects now: 2294.
Total: 3.050100 ms (FindLiveObjects: 0.202900 ms CreateObjectMapping: 0.080200 ms MarkObjects: 2.695600 ms  DeleteObjects: 0.070200 ms)

AssetImportParameters requested are different than current active one (requested -> active):
  custom:framework-win-MediaFoundation: 216162199b28c13a410421893ffa2e32 -> 
  custom:video-decoder-ogg-theora: a1e56fd34408186e4bbccfd4996cb3dc -> 
  custom:container-muxer-webm: aa71ff27fc2769a1b78a27578f13a17b -> 
  custom:container-demuxer-webm: 4f35f7cbe854078d1ac9338744f61a02 -> 
  custom:container-demuxer-ogg: 62fdf1f143b41e24485cea50d1cbac27 -> 
  custom:video-encoder-webm-vp8: eb34c28f22e8b96e1ab97ce403110664 -> 
  custom:video-decoder-webm-vp8: 9c59270c3fd7afecdb556c50c9e8de78 -> 
  custom:audio-decoder-ogg-vorbis: bf7c407c2cedff20999df2af8eb42d56 -> 
  custom:audio-encoder-webm-vorbis: bf7c407c2cedff20999df2af8eb42d56 -> 
========================================================================
Received Import Request.
  path: Assets/Procedural Mesh/Scripts/Editor/MeshGeneratorEditor.cs
  artifactKey: Guid(2f7e09811cbbf1b45bfb24d910143675) Importer(815301076,1909f56bfc062723c751e8b465ee728b)
Start importing Assets/Procedural Mesh/Scripts/Editor/MeshGeneratorEditor.cs using Guid(2f7e09811cbbf1b45bfb24d910143675) Importer(815301076,1909f56bfc062723c751e8b465ee728b)  -> (artifact id: '430b0804ded2ce755b08b440f5a99005') in 0.080039 seconds 
  Import took 0.082974 seconds .

========================================================================
Received Import Request.
  Time since last request: 6.246742 seconds.
  path: Assets/Procedural Mesh/Scripts/Editor/MeshGeneratorEditor.cs
  artifactKey: Guid(2f7e09811cbbf1b45bfb24d910143675) Importer(815301076,1909f56bfc062723c751e8b465ee728b)
Start importing Assets/Procedural Mesh/Scripts/Editor/MeshGeneratorEditor.cs using Guid(2f7e09811cbbf1b45bfb24d910143675) Importer(815301076,1909f56bfc062723c751e8b465ee728b)  -> (artifact id: 'b9968e23dbc3081742bf69a8502fc99c') in 0.004995 seconds 
  Import took 0.013185 seconds .

========================================================================
Received Import Request.
  Time since last request: 6.975812 seconds.
  path: Assets/Procedural Mesh/Scripts/Editor/MeshGeneratorEditor.cs
  artifactKey: Guid(2f7e09811cbbf1b45bfb24d910143675) Importer(815301076,1909f56bfc062723c751e8b465ee728b)
Start importing Assets/Procedural Mesh/Scripts/Editor/MeshGeneratorEditor.cs using Guid(2f7e09811cbbf1b45bfb24d910143675) Importer(815301076,1909f56bfc062723c751e8b465ee728b)  -> (artifact id: '9b1f01165222d3685a2a65c9a5641a89') in 0.019866 seconds 
  Import took 0.024035 seconds .

========================================================================
Received Import Request.
  Time since last request: 4.735126 seconds.
  path: Assets/Procedural Mesh/Scripts/Editor/MeshGeneratorEditor.cs
  artifactKey: Guid(2f7e09811cbbf1b45bfb24d910143675) Importer(815301076,1909f56bfc062723c751e8b465ee728b)
Start importing Assets/Procedural Mesh/Scripts/Editor/MeshGeneratorEditor.cs using Guid(2f7e09811cbbf1b45bfb24d910143675) Importer(815301076,1909f56bfc062723c751e8b465ee728b)  -> (artifact id: '54b3d119260b030f2979f59a62d3f9f7') in 0.003430 seconds 
  Import took 0.014873 seconds .

========================================================================
Received Import Request.
  Time since last request: 5.534470 seconds.
  path: Assets/Procedural Mesh/Scripts/Editor/MeshGeneratorEditor.cs
  artifactKey: Guid(2f7e09811cbbf1b45bfb24d910143675) Importer(815301076,1909f56bfc062723c751e8b465ee728b)
Start importing Assets/Procedural Mesh/Scripts/Editor/MeshGeneratorEditor.cs using Guid(2f7e09811cbbf1b45bfb24d910143675) Importer(815301076,1909f56bfc062723c751e8b465ee728b)  -> (artifact id: '232cb60b9993e366ce117038e7f384a5') in 0.008821 seconds 
  Import took 0.013058 seconds .

========================================================================
Received Import Request.
  Time since last request: 3.413069 seconds.
  path: Assets/Procedural Mesh/Scripts/Editor/MeshGeneratorEditor.cs
  artifactKey: Guid(2f7e09811cbbf1b45bfb24d910143675) Importer(815301076,1909f56bfc062723c751e8b465ee728b)
Start importing Assets/Procedural Mesh/Scripts/Editor/MeshGeneratorEditor.cs using Guid(2f7e09811cbbf1b45bfb24d910143675) Importer(815301076,1909f56bfc062723c751e8b465ee728b)  -> (artifact id: '6db2af53523886968920f17f619e7a2f') in 0.002771 seconds 
  Import took 0.006462 seconds .

========================================================================
Received Import Request.
  Time since last request: 6.812794 seconds.
  path: Assets/Procedural Mesh/Scripts/Editor/MeshGeneratorEditor.cs
  artifactKey: Guid(2f7e09811cbbf1b45bfb24d910143675) Importer(815301076,1909f56bfc062723c751e8b465ee728b)
Start importing Assets/Procedural Mesh/Scripts/Editor/MeshGeneratorEditor.cs using Guid(2f7e09811cbbf1b45bfb24d910143675) Importer(815301076,1909f56bfc062723c751e8b465ee728b)  -> (artifact id: '849b3cc4c9a3cd6d24a3e2c8d9311d61') in 0.012935 seconds 
  Import took 0.023585 seconds .

========================================================================
Received Prepare
Registering precompiled user dll's ...
Registered in 0.002939 seconds.
Begin MonoManager ReloadAssembly
Native extension for WindowsStandalone target not found
Refreshing native plugins compatible for Editor in 0.74 ms, found 2 plugins.
Preloading 0 native plugins for Editor in 0.00 ms.
Mono: successfully reloaded assembly
- Completed reload, in  2.266 seconds
Domain Reload Profiling:
	ReloadAssembly (2267ms)
		BeginReloadAssembly (918ms)
			ExecutionOrderSort (0ms)
			DisableScriptedObjects (10ms)
			BackupInstance (0ms)
			ReleaseScriptingObjects (0ms)
			CreateAndSetChildDomain (121ms)
		EndReloadAssembly (1195ms)
			LoadAssemblies (337ms)
			RebuildTransferFunctionScriptingTraits (0ms)
			SetupTypeCache (432ms)
			ReleaseScriptCaches (1ms)
			RebuildScriptCaches (45ms)
			SetupLoadedEditorAssemblies (419ms)
				LogAssemblyErrors (0ms)
				InitializePlatformSupportModulesInManaged (8ms)
				SetLoadedEditorAssemblies (1ms)
				RefreshPlugins (1ms)
				BeforeProcessingInitializeOnLoad (77ms)
				ProcessInitializeOnLoadAttributes (318ms)
				ProcessInitializeOnLoadMethodAttributes (11ms)
				AfterProcessingInitializeOnLoad (3ms)
				EditorAssembliesLoaded (1ms)
			ExecutionOrderSort2 (0ms)
			AwakeInstancesAfterBackupRestoration (9ms)
Platform modules already initialized, skipping
Refreshing native plugins compatible for Editor in 0.54 ms, found 2 plugins.
Preloading 0 native plugins for Editor in 0.00 ms.
Unloading 1854 Unused Serialized files (Serialized files now loaded: 0)
System memory in use before: 81.6 MB.
System memory in use after: 81.8 MB.

Unloading 15 unused Assets to reduce memory usage. Loaded Objects now: 2296.
Total: 2.922100 ms (FindLiveObjects: 0.227200 ms CreateObjectMapping: 0.086200 ms MarkObjects: 2.584200 ms  DeleteObjects: 0.023100 ms)

AssetImportParameters requested are different than current active one (requested -> active):
  custom:framework-win-MediaFoundation: 216162199b28c13a410421893ffa2e32 -> 
  custom:video-decoder-ogg-theora: a1e56fd34408186e4bbccfd4996cb3dc -> 
  custom:container-muxer-webm: aa71ff27fc2769a1b78a27578f13a17b -> 
  custom:container-demuxer-webm: 4f35f7cbe854078d1ac9338744f61a02 -> 
  custom:container-demuxer-ogg: 62fdf1f143b41e24485cea50d1cbac27 -> 
  custom:video-encoder-webm-vp8: eb34c28f22e8b96e1ab97ce403110664 -> 
  custom:video-decoder-webm-vp8: 9c59270c3fd7afecdb556c50c9e8de78 -> 
  custom:audio-decoder-ogg-vorbis: bf7c407c2cedff20999df2af8eb42d56 -> 
  custom:audio-encoder-webm-vorbis: bf7c407c2cedff20999df2af8eb42d56 -> 
========================================================================
Received Import Request.
  Time since last request: 10.780273 seconds.
  path: Assets/Procedural Mesh/Scripts/Mesh Generation/MeshGenerator.cs
  artifactKey: Guid(0e770ecc05b39c74f9eda84c73373eed) Importer(815301076,1909f56bfc062723c751e8b465ee728b)
Start importing Assets/Procedural Mesh/Scripts/Mesh Generation/MeshGenerator.cs using Guid(0e770ecc05b39c74f9eda84c73373eed) Importer(815301076,1909f56bfc062723c751e8b465ee728b)  -> (artifact id: '2f315344d0a664b17c3e081edfeac011') in 0.042305 seconds 
  Import took 0.071264 seconds .

========================================================================
Received Import Request.
  Time since last request: 5.222667 seconds.
  path: Assets/Procedural Mesh/Scripts/Mesh Generation/MeshGenerator.cs
  artifactKey: Guid(0e770ecc05b39c74f9eda84c73373eed) Importer(815301076,1909f56bfc062723c751e8b465ee728b)
Start importing Assets/Procedural Mesh/Scripts/Mesh Generation/MeshGenerator.cs using Guid(0e770ecc05b39c74f9eda84c73373eed) Importer(815301076,1909f56bfc062723c751e8b465ee728b)  -> (artifact id: 'ec4c8c3e450b488c4ec04ea00c022ec6') in 0.002985 seconds 
  Import took 0.021920 seconds .

========================================================================
Received Import Request.
  Time since last request: 2.951080 seconds.
  path: Assets/Procedural Mesh/Scripts/Mesh Generation/MeshGenerator.cs
  artifactKey: Guid(0e770ecc05b39c74f9eda84c73373eed) Importer(815301076,1909f56bfc062723c751e8b465ee728b)
Start importing Assets/Procedural Mesh/Scripts/Mesh Generation/MeshGenerator.cs using Guid(0e770ecc05b39c74f9eda84c73373eed) Importer(815301076,1909f56bfc062723c751e8b465ee728b)  -> (artifact id: '852da86b48b68c4c2551a3272ae18da4') in 0.007526 seconds 
  Import took 0.013624 seconds .

========================================================================
Received Import Request.
  Time since last request: 4.999424 seconds.
  path: Assets/Procedural Mesh/Scripts/Mesh Generation/MeshGenerator.cs
  artifactKey: Guid(0e770ecc05b39c74f9eda84c73373eed) Importer(815301076,1909f56bfc062723c751e8b465ee728b)
Start importing Assets/Procedural Mesh/Scripts/Mesh Generation/MeshGenerator.cs using Guid(0e770ecc05b39c74f9eda84c73373eed) Importer(815301076,1909f56bfc062723c751e8b465ee728b)  -> (artifact id: 'ba4001c65afd69c2dbaab2d5e168b56b') in 0.007634 seconds 
  Import took 0.012142 seconds .

========================================================================
Received Import Request.
  Time since last request: 4.901827 seconds.
  path: Assets/Procedural Mesh/Scripts/Mesh Generation/MeshGenerator.cs
  artifactKey: Guid(0e770ecc05b39c74f9eda84c73373eed) Importer(815301076,1909f56bfc062723c751e8b465ee728b)
Start importing Assets/Procedural Mesh/Scripts/Mesh Generation/MeshGenerator.cs using Guid(0e770ecc05b39c74f9eda84c73373eed) Importer(815301076,1909f56bfc062723c751e8b465ee728b)  -> (artifact id: 'c2102a6e8e55f4dabd42f6bc5a84227d') in 0.003179 seconds 
  Import took 0.013313 seconds .

========================================================================
Received Import Request.
  Time since last request: 2.065312 seconds.
  path: Assets/Procedural Mesh/Scripts/Mesh Generation/MeshGenerator.cs
  artifactKey: Guid(0e770ecc05b39c74f9eda84c73373eed) Importer(815301076,1909f56bfc062723c751e8b465ee728b)
Start importing Assets/Procedural Mesh/Scripts/Mesh Generation/MeshGenerator.cs using Guid(0e770ecc05b39c74f9eda84c73373eed) Importer(815301076,1909f56bfc062723c751e8b465ee728b)  -> (artifact id: 'ab3d626987ef47a2d5ff9a1df5b75430') in 0.015578 seconds 
  Import took 0.024881 seconds .

========================================================================
Received Import Request.
  Time since last request: 6.066936 seconds.
  path: Assets/Procedural Mesh/Scripts/Mesh Generation/MeshGenerator.cs
  artifactKey: Guid(0e770ecc05b39c74f9eda84c73373eed) Importer(815301076,1909f56bfc062723c751e8b465ee728b)
Start importing Assets/Procedural Mesh/Scripts/Mesh Generation/MeshGenerator.cs using Guid(0e770ecc05b39c74f9eda84c73373eed) Importer(815301076,1909f56bfc062723c751e8b465ee728b)  -> (artifact id: '4828dfac2e0a3210f1e901ee24cbf685') in 0.004840 seconds 
  Import took 0.015735 seconds .

========================================================================
Received Import Request.
  Time since last request: 3.333344 seconds.
  path: Assets/Procedural Mesh/Scripts/Mesh Generation/MeshGenerator.cs
  artifactKey: Guid(0e770ecc05b39c74f9eda84c73373eed) Importer(815301076,1909f56bfc062723c751e8b465ee728b)
Start importing Assets/Procedural Mesh/Scripts/Mesh Generation/MeshGenerator.cs using Guid(0e770ecc05b39c74f9eda84c73373eed) Importer(815301076,1909f56bfc062723c751e8b465ee728b)  -> (artifact id: 'a171619cc07a583bb1bad51db2431e22') in 0.003182 seconds 
  Import took 0.006931 seconds .

========================================================================
Received Prepare
Registering precompiled user dll's ...
Registered in 0.002925 seconds.
Begin MonoManager ReloadAssembly
Native extension for WindowsStandalone target not found
Refreshing native plugins compatible for Editor in 0.52 ms, found 2 plugins.
Preloading 0 native plugins for Editor in 0.00 ms.
Mono: successfully reloaded assembly
- Completed reload, in  1.517 seconds
Domain Reload Profiling:
	ReloadAssembly (1518ms)
		BeginReloadAssembly (158ms)
			ExecutionOrderSort (0ms)
			DisableScriptedObjects (11ms)
			BackupInstance (0ms)
			ReleaseScriptingObjects (0ms)
			CreateAndSetChildDomain (45ms)
		EndReloadAssembly (1206ms)
			LoadAssemblies (156ms)
			RebuildTransferFunctionScriptingTraits (0ms)
			SetupTypeCache (449ms)
			ReleaseScriptCaches (1ms)
			RebuildScriptCaches (52ms)
			SetupLoadedEditorAssemblies (428ms)
				LogAssemblyErrors (0ms)
				InitializePlatformSupportModulesInManaged (4ms)
				SetLoadedEditorAssemblies (0ms)
				RefreshPlugins (1ms)
				BeforeProcessingInitializeOnLoad (90ms)
				ProcessInitializeOnLoadAttributes (322ms)
				ProcessInitializeOnLoadMethodAttributes (9ms)
				AfterProcessingInitializeOnLoad (2ms)
				EditorAssembliesLoaded (0ms)
			ExecutionOrderSort2 (0ms)
			AwakeInstancesAfterBackupRestoration (6ms)
Platform modules already initialized, skipping
Refreshing native plugins compatible for Editor in 0.42 ms, found 2 plugins.
Preloading 0 native plugins for Editor in 0.00 ms.
Unloading 1854 Unused Serialized files (Serialized files now loaded: 0)
System memory in use before: 81.7 MB.
System memory in use after: 81.8 MB.

Unloading 15 unused Assets to reduce memory usage. Loaded Objects now: 2298.
Total: 4.576900 ms (FindLiveObjects: 0.394800 ms CreateObjectMapping: 0.341000 ms MarkObjects: 3.819800 ms  DeleteObjects: 0.020300 ms)

AssetImportParameters requested are different than current active one (requested -> active):
  custom:framework-win-MediaFoundation: 216162199b28c13a410421893ffa2e32 -> 
  custom:video-decoder-ogg-theora: a1e56fd34408186e4bbccfd4996cb3dc -> 
  custom:container-muxer-webm: aa71ff27fc2769a1b78a27578f13a17b -> 
  custom:container-demuxer-webm: 4f35f7cbe854078d1ac9338744f61a02 -> 
  custom:container-demuxer-ogg: 62fdf1f143b41e24485cea50d1cbac27 -> 
  custom:video-encoder-webm-vp8: eb34c28f22e8b96e1ab97ce403110664 -> 
  custom:video-decoder-webm-vp8: 9c59270c3fd7afecdb556c50c9e8de78 -> 
  custom:audio-decoder-ogg-vorbis: bf7c407c2cedff20999df2af8eb42d56 -> 
  custom:audio-encoder-webm-vorbis: bf7c407c2cedff20999df2af8eb42d56 -> 
========================================================================
Received Prepare
Registering precompiled user dll's ...
Registered in 0.002987 seconds.
Begin MonoManager ReloadAssembly
Native extension for WindowsStandalone target not found
Refreshing native plugins compatible for Editor in 0.48 ms, found 2 plugins.
Preloading 0 native plugins for Editor in 0.00 ms.
Mono: successfully reloaded assembly
- Completed reload, in  1.321 seconds
Domain Reload Profiling:
	ReloadAssembly (1322ms)
		BeginReloadAssembly (183ms)
			ExecutionOrderSort (0ms)
			DisableScriptedObjects (21ms)
			BackupInstance (0ms)
			ReleaseScriptingObjects (0ms)
			CreateAndSetChildDomain (45ms)
		EndReloadAssembly (1053ms)
			LoadAssemblies (121ms)
			RebuildTransferFunctionScriptingTraits (0ms)
			SetupTypeCache (370ms)
			ReleaseScriptCaches (3ms)
			RebuildScriptCaches (40ms)
			SetupLoadedEditorAssemblies (418ms)
				LogAssemblyErrors (0ms)
				InitializePlatformSupportModulesInManaged (6ms)
				SetLoadedEditorAssemblies (1ms)
				RefreshPlugins (1ms)
				BeforeProcessingInitializeOnLoad (105ms)
				ProcessInitializeOnLoadAttributes (293ms)
				ProcessInitializeOnLoadMethodAttributes (10ms)
				AfterProcessingInitializeOnLoad (2ms)
				EditorAssembliesLoaded (0ms)
			ExecutionOrderSort2 (0ms)
			AwakeInstancesAfterBackupRestoration (7ms)
Platform modules already initialized, skipping
Refreshing native plugins compatible for Editor in 0.44 ms, found 2 plugins.
Preloading 0 native plugins for Editor in 0.00 ms.
Unloading 1853 Unused Serialized files (Serialized files now loaded: 0)
System memory in use before: 81.7 MB.
System memory in use after: 81.8 MB.

Unloading 16 unused Assets to reduce memory usage. Loaded Objects now: 2299.
Total: 3.058900 ms (FindLiveObjects: 0.159500 ms CreateObjectMapping: 0.060400 ms MarkObjects: 2.811700 ms  DeleteObjects: 0.026000 ms)

AssetImportParameters requested are different than current active one (requested -> active):
  custom:framework-win-MediaFoundation: 216162199b28c13a410421893ffa2e32 -> 
  custom:video-decoder-ogg-theora: a1e56fd34408186e4bbccfd4996cb3dc -> 
  custom:container-muxer-webm: aa71ff27fc2769a1b78a27578f13a17b -> 
  custom:container-demuxer-webm: 4f35f7cbe854078d1ac9338744f61a02 -> 
  custom:container-demuxer-ogg: 62fdf1f143b41e24485cea50d1cbac27 -> 
  custom:video-encoder-webm-vp8: eb34c28f22e8b96e1ab97ce403110664 -> 
  custom:video-decoder-webm-vp8: 9c59270c3fd7afecdb556c50c9e8de78 -> 
  custom:audio-decoder-ogg-vorbis: bf7c407c2cedff20999df2af8eb42d56 -> 
  custom:audio-encoder-webm-vorbis: bf7c407c2cedff20999df2af8eb42d56 -> 
========================================================================
Received Import Request.
  Time since last request: 23.003635 seconds.
  path: Assets/Scenes/SampleScene.unity
  artifactKey: Guid(9fc0d4010bbf28b4594072e72b8655ab) Importer(815301076,1909f56bfc062723c751e8b465ee728b)
Start importing Assets/Scenes/SampleScene.unity using Guid(9fc0d4010bbf28b4594072e72b8655ab) Importer(815301076,1909f56bfc062723c751e8b465ee728b)  -> (artifact id: '32b2537d8db43a4025d5034adf88ff99') in 0.020687 seconds 
  Import took 0.025537 seconds .

========================================================================
Received Import Request.
  Time since last request: 15.165914 seconds.
  path: Assets/Scripts/Core/Controls.cs
  artifactKey: Guid(f9b5cfca67c753c47b91523078e35118) Importer(815301076,1909f56bfc062723c751e8b465ee728b)
Start importing Assets/Scripts/Core/Controls.cs using Guid(f9b5cfca67c753c47b91523078e35118) Importer(815301076,1909f56bfc062723c751e8b465ee728b)  -> (artifact id: '0b2c09840a6b92ac32c4fc8e47b1615e') in 0.005420 seconds 
  Import took 0.008229 seconds .

========================================================================
Received Prepare
Registering precompiled user dll's ...
Registered in 0.002915 seconds.
Begin MonoManager ReloadAssembly
Native extension for WindowsStandalone target not found
Refreshing native plugins compatible for Editor in 0.40 ms, found 2 plugins.
Preloading 0 native plugins for Editor in 0.00 ms.
Mono: successfully reloaded assembly
- Completed reload, in  1.411 seconds
Domain Reload Profiling:
	ReloadAssembly (1413ms)
		BeginReloadAssembly (151ms)
			ExecutionOrderSort (0ms)
			DisableScriptedObjects (4ms)
			BackupInstance (0ms)
			ReleaseScriptingObjects (0ms)
			CreateAndSetChildDomain (48ms)
		EndReloadAssembly (1190ms)
			LoadAssemblies (160ms)
			RebuildTransferFunctionScriptingTraits (0ms)
			SetupTypeCache (396ms)
			ReleaseScriptCaches (1ms)
			RebuildScriptCaches (45ms)
			SetupLoadedEditorAssemblies (452ms)
				LogAssemblyErrors (0ms)
				InitializePlatformSupportModulesInManaged (3ms)
				SetLoadedEditorAssemblies (0ms)
				RefreshPlugins (0ms)
				BeforeProcessingInitializeOnLoad (153ms)
				ProcessInitializeOnLoadAttributes (284ms)
				ProcessInitializeOnLoadMethodAttributes (8ms)
				AfterProcessingInitializeOnLoad (2ms)
				EditorAssembliesLoaded (0ms)
			ExecutionOrderSort2 (0ms)
			AwakeInstancesAfterBackupRestoration (6ms)
Platform modules already initialized, skipping
Refreshing native plugins compatible for Editor in 0.58 ms, found 2 plugins.
Preloading 0 native plugins for Editor in 0.00 ms.
Unloading 1853 Unused Serialized files (Serialized files now loaded: 0)
System memory in use before: 81.7 MB.
System memory in use after: 81.8 MB.

Unloading 15 unused Assets to reduce memory usage. Loaded Objects now: 2301.
Total: 2.516300 ms (FindLiveObjects: 0.147700 ms CreateObjectMapping: 0.070500 ms MarkObjects: 2.283900 ms  DeleteObjects: 0.013400 ms)

AssetImportParameters requested are different than current active one (requested -> active):
  custom:framework-win-MediaFoundation: 216162199b28c13a410421893ffa2e32 -> 
  custom:video-decoder-ogg-theora: a1e56fd34408186e4bbccfd4996cb3dc -> 
  custom:container-muxer-webm: aa71ff27fc2769a1b78a27578f13a17b -> 
  custom:container-demuxer-webm: 4f35f7cbe854078d1ac9338744f61a02 -> 
  custom:container-demuxer-ogg: 62fdf1f143b41e24485cea50d1cbac27 -> 
  custom:video-encoder-webm-vp8: eb34c28f22e8b96e1ab97ce403110664 -> 
  custom:video-decoder-webm-vp8: 9c59270c3fd7afecdb556c50c9e8de78 -> 
  custom:audio-decoder-ogg-vorbis: bf7c407c2cedff20999df2af8eb42d56 -> 
  custom:audio-encoder-webm-vorbis: bf7c407c2cedff20999df2af8eb42d56 -> 
========================================================================
Received Import Request.
  Time since last request: 24.186468 seconds.
  path: Assets/Scripts/Core/Controls.cs
  artifactKey: Guid(f9b5cfca67c753c47b91523078e35118) Importer(815301076,1909f56bfc062723c751e8b465ee728b)
Start importing Assets/Scripts/Core/Controls.cs using Guid(f9b5cfca67c753c47b91523078e35118) Importer(815301076,1909f56bfc062723c751e8b465ee728b)  -> (artifact id: '8cb813b135a70e526b744ee53d30b9ae') in 0.008852 seconds 
  Import took 0.013127 seconds .

========================================================================
Received Prepare
Registering precompiled user dll's ...
Registered in 0.002928 seconds.
Begin MonoManager ReloadAssembly
Native extension for WindowsStandalone target not found
Refreshing native plugins compatible for Editor in 0.76 ms, found 2 plugins.
Preloading 0 native plugins for Editor in 0.00 ms.
Mono: successfully reloaded assembly
- Completed reload, in  1.517 seconds
Domain Reload Profiling:
	ReloadAssembly (1517ms)
		BeginReloadAssembly (196ms)
			ExecutionOrderSort (0ms)
			DisableScriptedObjects (4ms)
			BackupInstance (0ms)
			ReleaseScriptingObjects (0ms)
			CreateAndSetChildDomain (89ms)
		EndReloadAssembly (1235ms)
			LoadAssemblies (121ms)
			RebuildTransferFunctionScriptingTraits (0ms)
			SetupTypeCache (409ms)
			ReleaseScriptCaches (6ms)
			RebuildScriptCaches (57ms)
			SetupLoadedEditorAssemblies (529ms)
				LogAssemblyErrors (0ms)
				InitializePlatformSupportModulesInManaged (8ms)
				SetLoadedEditorAssemblies (1ms)
				RefreshPlugins (1ms)
				BeforeProcessingInitializeOnLoad (75ms)
				ProcessInitializeOnLoadAttributes (422ms)
				ProcessInitializeOnLoadMethodAttributes (20ms)
				AfterProcessingInitializeOnLoad (2ms)
				EditorAssembliesLoaded (0ms)
			ExecutionOrderSort2 (0ms)
			AwakeInstancesAfterBackupRestoration (6ms)
Platform modules already initialized, skipping
Refreshing native plugins compatible for Editor in 0.42 ms, found 2 plugins.
Preloading 0 native plugins for Editor in 0.00 ms.
Unloading 1853 Unused Serialized files (Serialized files now loaded: 0)
System memory in use before: 81.7 MB.
System memory in use after: 81.8 MB.

Unloading 15 unused Assets to reduce memory usage. Loaded Objects now: 2303.
Total: 8.947500 ms (FindLiveObjects: 0.154800 ms CreateObjectMapping: 0.065800 ms MarkObjects: 8.656900 ms  DeleteObjects: 0.067100 ms)

AssetImportParameters requested are different than current active one (requested -> active):
  custom:framework-win-MediaFoundation: 216162199b28c13a410421893ffa2e32 -> 
  custom:video-decoder-ogg-theora: a1e56fd34408186e4bbccfd4996cb3dc -> 
  custom:container-muxer-webm: aa71ff27fc2769a1b78a27578f13a17b -> 
  custom:container-demuxer-webm: 4f35f7cbe854078d1ac9338744f61a02 -> 
  custom:container-demuxer-ogg: 62fdf1f143b41e24485cea50d1cbac27 -> 
  custom:video-encoder-webm-vp8: eb34c28f22e8b96e1ab97ce403110664 -> 
  custom:video-decoder-webm-vp8: 9c59270c3fd7afecdb556c50c9e8de78 -> 
  custom:audio-decoder-ogg-vorbis: bf7c407c2cedff20999df2af8eb42d56 -> 
  custom:audio-encoder-webm-vorbis: bf7c407c2cedff20999df2af8eb42d56 -> 
========================================================================
Received Import Request.
  Time since last request: 5.111826 seconds.
  path: Assets/Scripts/Core/GameManager.cs
  artifactKey: Guid(e258948f3eebefe4bb0afac91a7ede0f) Importer(815301076,1909f56bfc062723c751e8b465ee728b)
Start importing Assets/Scripts/Core/GameManager.cs using Guid(e258948f3eebefe4bb0afac91a7ede0f) Importer(815301076,1909f56bfc062723c751e8b465ee728b)  -> (artifact id: '72ce779b2bd30aec026f3dbadf5e19ee') in 0.009047 seconds 
  Import took 0.014119 seconds .

========================================================================
Received Import Request.
  Time since last request: 1.401001 seconds.
  path: Assets/Scripts/Core/UIManager.cs
  artifactKey: Guid(e4c39f9c675b0f44aa7554963c443247) Importer(815301076,1909f56bfc062723c751e8b465ee728b)
Start importing Assets/Scripts/Core/UIManager.cs using Guid(e4c39f9c675b0f44aa7554963c443247) Importer(815301076,1909f56bfc062723c751e8b465ee728b)  -> (artifact id: '9f417eb0d4b3883bb334bfeb3d7cb690') in 0.012394 seconds 
  Import took 0.015759 seconds .

========================================================================
Received Import Request.
  Time since last request: 4.782981 seconds.
  path: Assets/Scripts/Misc/EnemyKiller.cs
  artifactKey: Guid(e15312e1393836543900fc346e6c94f4) Importer(815301076,1909f56bfc062723c751e8b465ee728b)
Start importing Assets/Scripts/Misc/EnemyKiller.cs using Guid(e15312e1393836543900fc346e6c94f4) Importer(815301076,1909f56bfc062723c751e8b465ee728b)  -> (artifact id: 'd662198c5746e32f21b7aea55835e47d') in 0.013725 seconds 
  Import took 0.017500 seconds .

========================================================================
Received Import Request.
  Time since last request: 2.567934 seconds.
  path: Assets/Scripts/Misc/EnemyTypes.cs
  artifactKey: Guid(1521917a49e12c141a19ca8e38387c7a) Importer(815301076,1909f56bfc062723c751e8b465ee728b)
Start importing Assets/Scripts/Misc/EnemyTypes.cs using Guid(1521917a49e12c141a19ca8e38387c7a) Importer(815301076,1909f56bfc062723c751e8b465ee728b)  -> (artifact id: 'e8cae7ab01cd4a59423b3ca78d59c8b3') in 0.005665 seconds 
  Import took 0.009318 seconds .

========================================================================
Received Import Request.
  Time since last request: 2.037713 seconds.
  path: Assets/Scripts/Misc/Entity.cs
  artifactKey: Guid(b362c155f0a80a94ba91c5362fdf300f) Importer(815301076,1909f56bfc062723c751e8b465ee728b)
Start importing Assets/Scripts/Misc/Entity.cs using Guid(b362c155f0a80a94ba91c5362fdf300f) Importer(815301076,1909f56bfc062723c751e8b465ee728b)  -> (artifact id: '720a649400fd949eb1759a2519e0a29c') in 0.008469 seconds 
  Import took 0.015801 seconds .

========================================================================
Received Import Request.
  Time since last request: 4.381847 seconds.
  path: Assets/Scripts/Misc/Health.cs
  artifactKey: Guid(039e9c5f324e74a438e3772276e16983) Importer(815301076,1909f56bfc062723c751e8b465ee728b)
Start importing Assets/Scripts/Misc/Health.cs using Guid(039e9c5f324e74a438e3772276e16983) Importer(815301076,1909f56bfc062723c751e8b465ee728b)  -> (artifact id: '76edea266e79e9fa75252afff4fe3636') in 0.014803 seconds 
  Import took 0.018284 seconds .

========================================================================
Received Import Request.
  Time since last request: 2.189830 seconds.
  path: Assets/Scripts/Misc/Item.cs
  artifactKey: Guid(365935a4f2b8c3343b2861702d613c14) Importer(815301076,1909f56bfc062723c751e8b465ee728b)
Start importing Assets/Scripts/Misc/Item.cs using Guid(365935a4f2b8c3343b2861702d613c14) Importer(815301076,1909f56bfc062723c751e8b465ee728b)  -> (artifact id: '08b27e58612288c2d2c32dfac6d9add2') in 0.005206 seconds 
  Import took 0.008123 seconds .

========================================================================
Received Import Request.
  Time since last request: 2.247193 seconds.
  path: Assets/Scripts/Misc/ItemTypes.cs
  artifactKey: Guid(a5f91b4bf4df498488c535fccee04189) Importer(815301076,1909f56bfc062723c751e8b465ee728b)
Start importing Assets/Scripts/Misc/ItemTypes.cs using Guid(a5f91b4bf4df498488c535fccee04189) Importer(815301076,1909f56bfc062723c751e8b465ee728b)  -> (artifact id: '4e7f9327df4dc9f483e063e0eeb7b811') in 0.005728 seconds 
  Import took 0.008688 seconds .

========================================================================
Received Import Request.
  Time since last request: 2.133030 seconds.
  path: Assets/Scripts/Misc/QuestDestinationReciever.cs
  artifactKey: Guid(e2b1b692c1f80924287518eededdcdd0) Importer(815301076,1909f56bfc062723c751e8b465ee728b)
Start importing Assets/Scripts/Misc/QuestDestinationReciever.cs using Guid(e2b1b692c1f80924287518eededdcdd0) Importer(815301076,1909f56bfc062723c751e8b465ee728b)  -> (artifact id: 'c144a32527a01c783b1b860a0fa0a3a9') in 0.011976 seconds 
  Import took 0.015021 seconds .

========================================================================
Received Import Request.
  Time since last request: 21.154047 seconds.
  path: Assets/Scripts/Quest Generation System/QuestGenerator.cs
  artifactKey: Guid(3f90d454d674fdc4dbb7443506e355a4) Importer(815301076,1909f56bfc062723c751e8b465ee728b)
Start importing Assets/Scripts/Quest Generation System/QuestGenerator.cs using Guid(3f90d454d674fdc4dbb7443506e355a4) Importer(815301076,1909f56bfc062723c751e8b465ee728b)  -> (artifact id: '752b16fee45a0f9f2362b7a9c8e07576') in 0.006575 seconds 
  Import took 0.010070 seconds .

========================================================================
Received Import Request.
  Time since last request: 5.882449 seconds.
  path: Assets/Scripts/Quest Generation System/QuestGenerator.cs
  artifactKey: Guid(3f90d454d674fdc4dbb7443506e355a4) Importer(815301076,1909f56bfc062723c751e8b465ee728b)
Start importing Assets/Scripts/Quest Generation System/QuestGenerator.cs using Guid(3f90d454d674fdc4dbb7443506e355a4) Importer(815301076,1909f56bfc062723c751e8b465ee728b)  -> (artifact id: '1e8183de1b0569d5e1323aa21922325a') in 0.011059 seconds 
  Import took 0.015077 seconds .

========================================================================
Received Import Request.
  Time since last request: 14.523431 seconds.
  path: Assets/Scripts/Quest Generation System/QuestGenerator.cs
  artifactKey: Guid(3f90d454d674fdc4dbb7443506e355a4) Importer(815301076,1909f56bfc062723c751e8b465ee728b)
Start importing Assets/Scripts/Quest Generation System/QuestGenerator.cs using Guid(3f90d454d674fdc4dbb7443506e355a4) Importer(815301076,1909f56bfc062723c751e8b465ee728b)  -> (artifact id: '1dd6d414fbe1ad404d3279062621aa9f') in 0.001762 seconds 
  Import took 0.005102 seconds .

========================================================================
Received Import Request.
  Time since last request: 3.719995 seconds.
  path: Assets/Scripts/Quest Generation System/QuestGenerator.cs
  artifactKey: Guid(3f90d454d674fdc4dbb7443506e355a4) Importer(815301076,1909f56bfc062723c751e8b465ee728b)
Start importing Assets/Scripts/Quest Generation System/QuestGenerator.cs using Guid(3f90d454d674fdc4dbb7443506e355a4) Importer(815301076,1909f56bfc062723c751e8b465ee728b)  -> (artifact id: 'abc52a50548df5409cff18cb1c159f95') in 0.010726 seconds 
  Import took 0.013941 seconds .

========================================================================
Received Import Request.
  Time since last request: 4.210262 seconds.
  path: Assets/Scripts/Quest Generation System/QuestGenerator.cs
  artifactKey: Guid(3f90d454d674fdc4dbb7443506e355a4) Importer(815301076,1909f56bfc062723c751e8b465ee728b)
Start importing Assets/Scripts/Quest Generation System/QuestGenerator.cs using Guid(3f90d454d674fdc4dbb7443506e355a4) Importer(815301076,1909f56bfc062723c751e8b465ee728b)  -> (artifact id: 'd80c319aac1512803e621827e0ada014') in 0.002620 seconds 
  Import took 0.014923 seconds .

========================================================================
Received Import Request.
  Time since last request: 2.787126 seconds.
  path: Assets/Scripts/Quest Generation System/QuestGenerator.cs
  artifactKey: Guid(3f90d454d674fdc4dbb7443506e355a4) Importer(815301076,1909f56bfc062723c751e8b465ee728b)
Start importing Assets/Scripts/Quest Generation System/QuestGenerator.cs using Guid(3f90d454d674fdc4dbb7443506e355a4) Importer(815301076,1909f56bfc062723c751e8b465ee728b)  -> (artifact id: 'f4d6a3340299275bced4073befb45ed5') in 0.001583 seconds 
  Import took 0.006434 seconds .

========================================================================
Received Import Request.
  Time since last request: 3.145285 seconds.
  path: Assets/Scripts/Quest Generation System/QuestGenerator.cs
  artifactKey: Guid(3f90d454d674fdc4dbb7443506e355a4) Importer(815301076,1909f56bfc062723c751e8b465ee728b)
Start importing Assets/Scripts/Quest Generation System/QuestGenerator.cs using Guid(3f90d454d674fdc4dbb7443506e355a4) Importer(815301076,1909f56bfc062723c751e8b465ee728b)  -> (artifact id: '02347df570c51073326a08c8f8dfb2fb') in 0.015815 seconds 
  Import took 0.019955 seconds .

========================================================================
Received Import Request.
  Time since last request: 2.442815 seconds.
  path: Assets/Scripts/Quest Generation System/QuestGenerator.cs
  artifactKey: Guid(3f90d454d674fdc4dbb7443506e355a4) Importer(815301076,1909f56bfc062723c751e8b465ee728b)
Start importing Assets/Scripts/Quest Generation System/QuestGenerator.cs using Guid(3f90d454d674fdc4dbb7443506e355a4) Importer(815301076,1909f56bfc062723c751e8b465ee728b)  -> (artifact id: '306553671bffcd6d83fb852b22238494') in 0.001801 seconds 
  Import took 0.005087 seconds .

========================================================================
Received Import Request.
  Time since last request: 3.074214 seconds.
  path: Assets/Scripts/Quest Generation System/QuestGenerator.cs
  artifactKey: Guid(3f90d454d674fdc4dbb7443506e355a4) Importer(815301076,1909f56bfc062723c751e8b465ee728b)
Start importing Assets/Scripts/Quest Generation System/QuestGenerator.cs using Guid(3f90d454d674fdc4dbb7443506e355a4) Importer(815301076,1909f56bfc062723c751e8b465ee728b)  -> (artifact id: 'a05aa5e3aad351f6b035830f9ecae5ce') in 0.001781 seconds 
  Import took 0.005078 seconds .

========================================================================
Received Prepare
Registering precompiled user dll's ...
Registered in 0.004521 seconds.
Begin MonoManager ReloadAssembly
Native extension for WindowsStandalone target not found
Refreshing native plugins compatible for Editor in 0.95 ms, found 2 plugins.
Preloading 0 native plugins for Editor in 0.00 ms.
Mono: successfully reloaded assembly
- Completed reload, in  1.292 seconds
Domain Reload Profiling:
	ReloadAssembly (1294ms)
		BeginReloadAssembly (138ms)
			ExecutionOrderSort (0ms)
			DisableScriptedObjects (7ms)
			BackupInstance (0ms)
			ReleaseScriptingObjects (0ms)
			CreateAndSetChildDomain (29ms)
		EndReloadAssembly (1081ms)
			LoadAssemblies (120ms)
			RebuildTransferFunctionScriptingTraits (0ms)
			SetupTypeCache (390ms)
			ReleaseScriptCaches (1ms)
			RebuildScriptCaches (48ms)
			SetupLoadedEditorAssemblies (406ms)
				LogAssemblyErrors (0ms)
				InitializePlatformSupportModulesInManaged (7ms)
				SetLoadedEditorAssemblies (1ms)
				RefreshPlugins (1ms)
				BeforeProcessingInitializeOnLoad (75ms)
				ProcessInitializeOnLoadAttributes (312ms)
				ProcessInitializeOnLoadMethodAttributes (8ms)
				AfterProcessingInitializeOnLoad (2ms)
				EditorAssembliesLoaded (0ms)
			ExecutionOrderSort2 (0ms)
			AwakeInstancesAfterBackupRestoration (8ms)
Platform modules already initialized, skipping
Refreshing native plugins compatible for Editor in 0.42 ms, found 2 plugins.
Preloading 0 native plugins for Editor in 0.00 ms.
Unloading 1853 Unused Serialized files (Serialized files now loaded: 0)
System memory in use before: 81.7 MB.
System memory in use after: 81.8 MB.

Unloading 15 unused Assets to reduce memory usage. Loaded Objects now: 2305.
Total: 2.605800 ms (FindLiveObjects: 0.155400 ms CreateObjectMapping: 0.067800 ms MarkObjects: 2.367700 ms  DeleteObjects: 0.014100 ms)

AssetImportParameters requested are different than current active one (requested -> active):
  custom:framework-win-MediaFoundation: 216162199b28c13a410421893ffa2e32 -> 
  custom:video-decoder-ogg-theora: a1e56fd34408186e4bbccfd4996cb3dc -> 
  custom:container-muxer-webm: aa71ff27fc2769a1b78a27578f13a17b -> 
  custom:container-demuxer-webm: 4f35f7cbe854078d1ac9338744f61a02 -> 
  custom:container-demuxer-ogg: 62fdf1f143b41e24485cea50d1cbac27 -> 
  custom:video-encoder-webm-vp8: eb34c28f22e8b96e1ab97ce403110664 -> 
  custom:video-decoder-webm-vp8: 9c59270c3fd7afecdb556c50c9e8de78 -> 
  custom:audio-decoder-ogg-vorbis: bf7c407c2cedff20999df2af8eb42d56 -> 
  custom:audio-encoder-webm-vorbis: bf7c407c2cedff20999df2af8eb42d56 -> 
========================================================================
Received Import Request.
  Time since last request: 20.770981 seconds.
  path: Assets/Scripts/Quest System/Quest Types/DeliveryQuest.cs
  artifactKey: Guid(21d80317c4c511346a77ca65070dd4e0) Importer(815301076,1909f56bfc062723c751e8b465ee728b)
Start importing Assets/Scripts/Quest System/Quest Types/DeliveryQuest.cs using Guid(21d80317c4c511346a77ca65070dd4e0) Importer(815301076,1909f56bfc062723c751e8b465ee728b)  -> (artifact id: '2616740c3359286fbb05fd6829d973e7') in 0.017358 seconds 
  Import took 0.024928 seconds .

========================================================================
Received Import Request.
  Time since last request: 2.767224 seconds.
  path: Assets/Scripts/Quest System/Quest Types/EscortQuest.cs
  artifactKey: Guid(e310791e6cae0bd438bc95bd4293049e) Importer(815301076,1909f56bfc062723c751e8b465ee728b)
Start importing Assets/Scripts/Quest System/Quest Types/EscortQuest.cs using Guid(e310791e6cae0bd438bc95bd4293049e) Importer(815301076,1909f56bfc062723c751e8b465ee728b)  -> (artifact id: '7442e25f2ceb150dc26bd100da9ff973') in 0.005827 seconds 
  Import took 0.018490 seconds .

========================================================================
Received Import Request.
  Time since last request: 2.108908 seconds.
  path: Assets/Scripts/Quest System/Quest Types/GatherQuest.cs
  artifactKey: Guid(e039deea95fcfd942b78605d32adba67) Importer(815301076,1909f56bfc062723c751e8b465ee728b)
Start importing Assets/Scripts/Quest System/Quest Types/GatherQuest.cs using Guid(e039deea95fcfd942b78605d32adba67) Importer(815301076,1909f56bfc062723c751e8b465ee728b)  -> (artifact id: '3769729e467c5c38ded957756caf351c') in 0.021873 seconds 
  Import took 0.024641 seconds .

========================================================================
Received Import Request.
  Time since last request: 2.258894 seconds.
  path: Assets/Scripts/Quest System/Quest Types/KillQuest.cs
  artifactKey: Guid(a55d5bb72cf78974b8552c998430829e) Importer(815301076,1909f56bfc062723c751e8b465ee728b)
Start importing Assets/Scripts/Quest System/Quest Types/KillQuest.cs using Guid(a55d5bb72cf78974b8552c998430829e) Importer(815301076,1909f56bfc062723c751e8b465ee728b)  -> (artifact id: '45d86d53cf0a9425016188bc4eb1f2a7') in 0.005758 seconds 
  Import took 0.008885 seconds .

========================================================================
Received Import Request.
  Time since last request: 5.010894 seconds.
  path: Assets/Scripts/Quest System/Quest Types/KillQuest.cs
  artifactKey: Guid(a55d5bb72cf78974b8552c998430829e) Importer(815301076,1909f56bfc062723c751e8b465ee728b)
Start importing Assets/Scripts/Quest System/Quest Types/KillQuest.cs using Guid(a55d5bb72cf78974b8552c998430829e) Importer(815301076,1909f56bfc062723c751e8b465ee728b)  -> (artifact id: 'b1bff7a8628e7abafb8e19c5505bc340') in 0.005067 seconds 
  Import took 0.018863 seconds .

========================================================================
Received Prepare
Registering precompiled user dll's ...
Registered in 0.003336 seconds.
Begin MonoManager ReloadAssembly
Native extension for WindowsStandalone target not found
Refreshing native plugins compatible for Editor in 0.41 ms, found 2 plugins.
Preloading 0 native plugins for Editor in 0.00 ms.
Mono: successfully reloaded assembly
- Completed reload, in  1.251 seconds
Domain Reload Profiling:
	ReloadAssembly (1252ms)
		BeginReloadAssembly (140ms)
			ExecutionOrderSort (0ms)
			DisableScriptedObjects (5ms)
			BackupInstance (0ms)
			ReleaseScriptingObjects (0ms)
			CreateAndSetChildDomain (59ms)
		EndReloadAssembly (1014ms)
			LoadAssemblies (119ms)
			RebuildTransferFunctionScriptingTraits (0ms)
			SetupTypeCache (379ms)
			ReleaseScriptCaches (2ms)
			RebuildScriptCaches (44ms)
			SetupLoadedEditorAssemblies (353ms)
				LogAssemblyErrors (0ms)
				InitializePlatformSupportModulesInManaged (3ms)
				SetLoadedEditorAssemblies (0ms)
				RefreshPlugins (0ms)
				BeforeProcessingInitializeOnLoad (70ms)
				ProcessInitializeOnLoadAttributes (268ms)
				ProcessInitializeOnLoadMethodAttributes (8ms)
				AfterProcessingInitializeOnLoad (2ms)
				EditorAssembliesLoaded (0ms)
			ExecutionOrderSort2 (0ms)
			AwakeInstancesAfterBackupRestoration (10ms)
Platform modules already initialized, skipping
Refreshing native plugins compatible for Editor in 0.40 ms, found 2 plugins.
Preloading 0 native plugins for Editor in 0.00 ms.
Unloading 1853 Unused Serialized files (Serialized files now loaded: 0)
System memory in use before: 81.7 MB.
System memory in use after: 81.8 MB.

Unloading 15 unused Assets to reduce memory usage. Loaded Objects now: 2307.
Total: 5.753700 ms (FindLiveObjects: 0.308000 ms CreateObjectMapping: 0.110300 ms MarkObjects: 5.316700 ms  DeleteObjects: 0.017300 ms)

AssetImportParameters requested are different than current active one (requested -> active):
  custom:framework-win-MediaFoundation: 216162199b28c13a410421893ffa2e32 -> 
  custom:video-decoder-ogg-theora: a1e56fd34408186e4bbccfd4996cb3dc -> 
  custom:container-muxer-webm: aa71ff27fc2769a1b78a27578f13a17b -> 
  custom:container-demuxer-webm: 4f35f7cbe854078d1ac9338744f61a02 -> 
  custom:container-demuxer-ogg: 62fdf1f143b41e24485cea50d1cbac27 -> 
  custom:video-encoder-webm-vp8: eb34c28f22e8b96e1ab97ce403110664 -> 
  custom:video-decoder-webm-vp8: 9c59270c3fd7afecdb556c50c9e8de78 -> 
  custom:audio-decoder-ogg-vorbis: bf7c407c2cedff20999df2af8eb42d56 -> 
  custom:audio-encoder-webm-vorbis: bf7c407c2cedff20999df2af8eb42d56 -> 
========================================================================
Received Import Request.
  Time since last request: 5.374677 seconds.
  path: Assets/Scripts/Quest System/QuestManager.cs
  artifactKey: Guid(7128ea8816b1c7b4d94ca82dc8e26b5a) Importer(815301076,1909f56bfc062723c751e8b465ee728b)
Start importing Assets/Scripts/Quest System/QuestManager.cs using Guid(7128ea8816b1c7b4d94ca82dc8e26b5a) Importer(815301076,1909f56bfc062723c751e8b465ee728b)  -> (artifact id: '7a744d756b81fca6121497739cd20d10') in 0.012655 seconds 
  Import took 0.020777 seconds .

========================================================================
Received Import Request.
  Time since last request: 8.297735 seconds.
  path: Assets/Scripts/Quest System/QuestType.cs
  artifactKey: Guid(91dbe302cd7b84545acc6a78999aef90) Importer(815301076,1909f56bfc062723c751e8b465ee728b)
Start importing Assets/Scripts/Quest System/QuestType.cs using Guid(91dbe302cd7b84545acc6a78999aef90) Importer(815301076,1909f56bfc062723c751e8b465ee728b)  -> (artifact id: '1bf90acbf5d504e52b121726c582138b') in 0.011065 seconds 
  Import took 0.017881 seconds .

AssetImportWorkerClient::OnTransportError - code=2 error=End of file
